<?xml version="1.0" encoding="UTF-8"?>
<!-- Generated by org.testng.reporters.JUnitReportReporter -->
<testsuite hostname="DESKTOP-E4SKN1R" name="com.crm.autoDeskAmazonTest.ComparePriceTest" tests="1" failures="0" timestamp="2 Feb 2020 07:47:40 GMT" time="26.581" errors="0">
  <testcase name="amazonIn" time="26.581" classname="com.crm.autoDeskAmazonTest.ComparePriceTest"/>
</testsuite> <!-- com.crm.autoDeskAmazonTest.ComparePriceTest -->
